<?xml version="1.0" encoding="UTF-8"?>
<testng-results skipped="0" failed="0" ignored="0" total="2" passed="2">
  <reporter-output>
  </reporter-output>
  <suite name="Default suite" duration-ms="108" started-at="2019-09-23T03:06:46Z" finished-at="2019-09-23T03:06:47Z">
    <groups>
    </groups>
    <test name="Default test" duration-ms="108" started-at="2019-09-23T03:06:46Z" finished-at="2019-09-23T03:06:47Z">
      <class name="Day1.testng_demo2">
        <test-method status="PASS" signature="beforeSuite()[pri:0, instance:Day1.testng_demo2@58651fd0]" name="beforeSuite" is-config="true" duration-ms="23" started-at="2019-09-23T03:06:46Z" finished-at="2019-09-23T03:06:46Z">
          <reporter-output>
          </reporter-output>
        </test-method> <!-- beforeSuite -->
        <test-method status="PASS" signature="beforeTest()[pri:0, instance:Day1.testng_demo2@58651fd0]" name="beforeTest" is-config="true" duration-ms="0" started-at="2019-09-23T03:06:46Z" finished-at="2019-09-23T03:06:46Z">
          <reporter-output>
          </reporter-output>
        </test-method> <!-- beforeTest -->
        <test-method status="PASS" signature="beforeClass()[pri:0, instance:Day1.testng_demo2@58651fd0]" name="beforeClass" is-config="true" duration-ms="1" started-at="2019-09-23T03:06:47Z" finished-at="2019-09-23T03:06:47Z">
          <reporter-output>
          </reporter-output>
        </test-method> <!-- beforeClass -->
        <test-method status="PASS" signature="beforeMethod()[pri:0, instance:Day1.testng_demo2@58651fd0]" name="beforeMethod" is-config="true" duration-ms="1" started-at="2019-09-23T03:06:47Z" finished-at="2019-09-23T03:06:47Z">
          <reporter-output>
          </reporter-output>
        </test-method> <!-- beforeMethod -->
        <test-method status="PASS" signature="f()[pri:0, instance:Day1.testng_demo2@58651fd0]" name="f" duration-ms="11" started-at="2019-09-23T03:06:47Z" finished-at="2019-09-23T03:06:47Z">
          <reporter-output>
          </reporter-output>
        </test-method> <!-- f -->
        <test-method status="PASS" signature="afterMethod()[pri:0, instance:Day1.testng_demo2@58651fd0]" name="afterMethod" is-config="true" duration-ms="0" started-at="2019-09-23T03:06:47Z" finished-at="2019-09-23T03:06:47Z">
          <reporter-output>
          </reporter-output>
        </test-method> <!-- afterMethod -->
        <test-method status="PASS" signature="f1()[pri:0, instance:Day1.testng_demo2@58651fd0]" name="f1" duration-ms="2" started-at="2019-09-23T03:06:47Z" finished-at="2019-09-23T03:06:47Z">
          <reporter-output>
          </reporter-output>
        </test-method> <!-- f1 -->
        <test-method status="PASS" signature="beforeMethod()[pri:0, instance:Day1.testng_demo2@58651fd0]" name="beforeMethod" is-config="true" duration-ms="0" started-at="2019-09-23T03:06:47Z" finished-at="2019-09-23T03:06:47Z">
          <reporter-output>
          </reporter-output>
        </test-method> <!-- beforeMethod -->
        <test-method status="PASS" signature="afterMethod()[pri:0, instance:Day1.testng_demo2@58651fd0]" name="afterMethod" is-config="true" duration-ms="1" started-at="2019-09-23T03:06:47Z" finished-at="2019-09-23T03:06:47Z">
          <reporter-output>
          </reporter-output>
        </test-method> <!-- afterMethod -->
        <test-method status="PASS" signature="afterClass()[pri:0, instance:Day1.testng_demo2@58651fd0]" name="afterClass" is-config="true" duration-ms="1" started-at="2019-09-23T03:06:47Z" finished-at="2019-09-23T03:06:47Z">
          <reporter-output>
          </reporter-output>
        </test-method> <!-- afterClass -->
        <test-method status="PASS" signature="afterTest()[pri:0, instance:Day1.testng_demo2@58651fd0]" name="afterTest" is-config="true" duration-ms="0" started-at="2019-09-23T03:06:47Z" finished-at="2019-09-23T03:06:47Z">
          <reporter-output>
          </reporter-output>
        </test-method> <!-- afterTest -->
        <test-method status="PASS" signature="afterSuite()[pri:0, instance:Day1.testng_demo2@58651fd0]" name="afterSuite" is-config="true" duration-ms="1" started-at="2019-09-23T03:06:47Z" finished-at="2019-09-23T03:06:47Z">
          <reporter-output>
          </reporter-output>
        </test-method> <!-- afterSuite -->
      </class> <!-- Day1.testng_demo2 -->
    </test> <!-- Default test -->
  </suite> <!-- Default suite -->
</testng-results>
